{"uuid":"28d8ca75-d20b-49c4-ad21-851366f1f94c","historyId":"ed1c8603fd2a982c228128bbf3690b3d","fullName":"com.beacon.test.AppTestDeviceOne.add_Incident_Report","labels":[{"name":"package","value":"com.beacon.test.AppTestDeviceOne"},{"name":"testClass","value":"com.beacon.test.AppTestDeviceOne"},{"name":"testMethod","value":"add_Incident_Report"},{"name":"parentSuite","value":"BeaconAppLoadTest"},{"name":"suite","value":"BeaconTest"},{"name":"subSuite","value":"com.beacon.test.AppTestDeviceOne"},{"name":"host","value":"basavarajs-MacBook-Pro.local"},{"name":"thread","value":"8331@basavarajs-MacBook-Pro.local.TestNG-test=BeaconTest-1(23)"},{"name":"epic","value":"Load Testing"}],"links":[],"name":"add_Incident_Report","status":"failed","statusDetails":{"known":false,"muted":false,"flaky":false,"message":"Unable to create report","trace":"java.lang.AssertionError: Unable to create report\n\tat org.testng.Assert.fail(Assert.java:85)\n\tat com.beacon.test.AppTestDeviceOne.add_Incident_Report(AppTestDeviceOne.java:199)\n\tat sun.reflect.NativeMethodAccessorImpl.invoke0(Native Method)\n\tat sun.reflect.NativeMethodAccessorImpl.invoke(NativeMethodAccessorImpl.java:62)\n\tat sun.reflect.DelegatingMethodAccessorImpl.invoke(DelegatingMethodAccessorImpl.java:43)\n\tat java.lang.reflect.Method.invoke(Method.java:497)\n\tat org.testng.internal.MethodInvocationHelper.invokeMethod(MethodInvocationHelper.java:124)\n\tat org.testng.internal.Invoker.invokeMethod(Invoker.java:580)\n\tat org.testng.internal.Invoker.invokeTestMethod(Invoker.java:716)\n\tat org.testng.internal.Invoker.invokeTestMethods(Invoker.java:988)\n\tat org.testng.internal.TestMethodWorker.invokeTestMethods(TestMethodWorker.java:125)\n\tat org.testng.internal.TestMethodWorker.run(TestMethodWorker.java:109)\n\tat java.util.concurrent.ThreadPoolExecutor.runWorker(ThreadPoolExecutor.java:1142)\n\tat java.util.concurrent.ThreadPoolExecutor$Worker.run(ThreadPoolExecutor.java:617)\n\tat java.lang.Thread.run(Thread.java:745)\nCaused by: org.openqa.selenium.WebDriverException: An unknown error has occurred\nBuild info: version: '3.13.0', revision: '2f0d292', time: '2018-06-25T15:24:21.231Z'\nSystem info: host: 'basavarajs-MacBook-Pro.local', ip: '192.168.0.130', os.name: 'Mac OS X', os.arch: 'x86_64', os.version: '10.13.6', java.version: '1.8.0_66'\nDriver info: io.appium.java_client.ios.IOSDriver\nCapabilities {app: /Users/basavaraj/Desktop/Be..., automationName: XCUITest, browserName: , databaseEnabled: false, deviceName: iphone 6, javascriptEnabled: true, launchTimeout: 290000, locationContextEnabled: false, networkConnectionEnabled: false, newCommandTimeout: 1560, noReset: true, platform: MAC, platformName: iOS, platformVersion: 11.4, printPageSourceOnFindFailure: true, takesScreenshot: true, udid: 3dac19a7cdb3dc26b3607450c6f..., wdaLocalPort: 8200, webStorageEnabled: false, xcodeOrgId: G56QYJ7ZRJ, xcodeSigningId: iPhone Developer}\nSession ID: 7c32f1c0-51c6-45d1-b16c-cdb94256f24d\n*** Element info: {Using=accessibility id, value=Close}\n\tat sun.reflect.NativeConstructorAccessorImpl.newInstance0(Native Method)\n\tat sun.reflect.NativeConstructorAccessorImpl.newInstance(NativeConstructorAccessorImpl.java:62)\n\tat sun.reflect.DelegatingConstructorAccessorImpl.newInstance(DelegatingConstructorAccessorImpl.java:45)\n\tat java.lang.reflect.Constructor.newInstance(Constructor.java:422)\n\tat org.openqa.selenium.remote.http.W3CHttpResponseCodec.createException(W3CHttpResponseCodec.java:187)\n\tat org.openqa.selenium.remote.http.W3CHttpResponseCodec.decode(W3CHttpResponseCodec.java:122)\n\tat org.openqa.selenium.remote.http.W3CHttpResponseCodec.decode(W3CHttpResponseCodec.java:49)\n\tat org.openqa.selenium.remote.HttpCommandExecutor.execute(HttpCommandExecutor.java:158)\n\tat io.appium.java_client.remote.AppiumCommandExecutor.execute(AppiumCommandExecutor.java:231)\n\tat org.openqa.selenium.remote.RemoteWebDriver.execute(RemoteWebDriver.java:548)\n\tat io.appium.java_client.DefaultGenericMobileDriver.execute(DefaultGenericMobileDriver.java:42)\n\tat io.appium.java_client.AppiumDriver.execute(AppiumDriver.java:1)\n\tat io.appium.java_client.ios.IOSDriver.execute(IOSDriver.java:1)\n\tat org.openqa.selenium.remote.RemoteWebDriver.findElement(RemoteWebDriver.java:322)\n\tat io.appium.java_client.DefaultGenericMobileDriver.findElement(DefaultGenericMobileDriver.java:62)\n\tat io.appium.java_client.AppiumDriver.findElement(AppiumDriver.java:1)\n\tat io.appium.java_client.ios.IOSDriver.findElement(IOSDriver.java:1)\n\tat io.appium.java_client.FindsByAccessibilityId.findElementByAccessibilityId(FindsByAccessibilityId.java:37)\n\tat com.beacon.test.AppTestDeviceOne.add_Incident_Report(AppTestDeviceOne.java:184)\n\t... 13 more\n"},"stage":"finished","start":1535469750521,"stop":1535469858961,"parameters":[]}