<?xml version="1.0" encoding="UTF-8"?>
<testsuite xmlns:xsi="http://www.w3.org/2001/XMLSchema-instance" xsi:noNamespaceSchemaLocation="https://maven.apache.org/surefire/maven-surefire-plugin/xsd/surefire-test-report.xsd" name="TestSuite" time="3,710.221" tests="50" errors="0" skipped="0" failures="7">
  <properties>
[...]
</properties>
  <testcase name="add_Incident_Report" classname="com.beacon.test.AppTestDeviceOne" time="65.249"/>
  <testcase name="add_Incident_Report" classname="com.beacon.test.AppTestDeviceOne" time="63.078"/>
  <testcase name="add_Incident_Report" classname="com.beacon.test.AppTestDeviceOne" time="66.335"/>
  <testcase name="add_Incident_Report" classname="com.beacon.test.AppTestDeviceOne" time="64.961"/>
  <testcase name="add_Incident_Report" classname="com.beacon.test.AppTestDeviceOne" time="65.767"/>
  <testcase name="add_Incident_Report" classname="com.beacon.test.AppTestDeviceOne" time="68.784"/>
  <testcase name="add_Incident_Report" classname="com.beacon.test.AppTestDeviceOne" time="127.073">
    <failure message="Unable to create report" type="java.lang.AssertionError">java.lang.AssertionError: Unable to create report
	at com.beacon.test.AppTestDeviceOne.add_Incident_Report(AppTestDeviceOne.java:220)
Caused by: org.openqa.selenium.NoSuchElementException: 
An element could not be located on the page using the given search parameters.
For documentation on this error, please visit: http://seleniumhq.org/exceptions/no_such_element.html
Build info: version: '3.13.0', revision: '2f0d292', time: '2018-06-25T15:24:21.231Z'
System info: host: 'basavarajs-MacBook-Pro.local', ip: '192.168.0.128', os.name: 'Mac OS X', os.arch: 'x86_64', os.version: '10.13.6', java.version: '1.8.0_66'
Driver info: io.appium.java_client.ios.IOSDriver
Capabilities {app: /Users/basavaraj/Desktop/Be..., automationName: XCUITest, browserName: iOS, databaseEnabled: false, deviceName: iPhone, javascriptEnabled: true, locationContextEnabled: false, networkConnectionEnabled: false, noReset: true, platform: MAC, platformName: iOS, platformVersion: 11.4, takesScreenshot: true, udid: 5bebcfa8e9b85198945951f55c6..., usePrebuiltWDA: true, wdaConnectionTimeout: 240000, wdaLaunchTimeout: 240000, webStorageEnabled: false, xcodeOrgId: G56QYJ7ZRJ, xcodeSigningId: iPhone Developer}
Session ID: ea8e962a-6d2f-4c74-996a-219403c9147e
*** Element info: {Using=accessibility id, value=PhotoCapture}
	at com.beacon.test.AppTestDeviceOne.add_Incident_Report(AppTestDeviceOne.java:187)
</failure>
    <system-out><![CDATA[Location searched is West
Clicked on Maintainance
Clicked on SAVE CART
Clicked on Add Photo
]]></system-out>
    <system-err><![CDATA[org.openqa.selenium.NoSuchElementException: An element could not be located on the page using the given search parameters.
For documentation on this error, please visit: http://seleniumhq.org/exceptions/no_such_element.html
Build info: version: '3.13.0', revision: '2f0d292', time: '2018-06-25T15:24:21.231Z'
System info: host: 'basavarajs-MacBook-Pro.local', ip: '192.168.0.128', os.name: 'Mac OS X', os.arch: 'x86_64', os.version: '10.13.6', java.version: '1.8.0_66'
Driver info: io.appium.java_client.ios.IOSDriver
Capabilities {app: /Users/basavaraj/Desktop/Be..., automationName: XCUITest, browserName: iOS, databaseEnabled: false, deviceName: iPhone, javascriptEnabled: true, locationContextEnabled: false, networkConnectionEnabled: false, noReset: true, platform: MAC, platformName: iOS, platformVersion: 11.4, takesScreenshot: true, udid: 5bebcfa8e9b85198945951f55c6..., usePrebuiltWDA: true, wdaConnectionTimeout: 240000, wdaLaunchTimeout: 240000, webStorageEnabled: false, xcodeOrgId: G56QYJ7ZRJ, xcodeSigningId: iPhone Developer}
Session ID: ea8e962a-6d2f-4c74-996a-219403c9147e
*** Element info: {Using=accessibility id, value=PhotoCapture}
	at sun.reflect.NativeConstructorAccessorImpl.newInstance0(Native Method)
	at sun.reflect.NativeConstructorAccessorImpl.newInstance(NativeConstructorAccessorImpl.java:62)
	at sun.reflect.DelegatingConstructorAccessorImpl.newInstance(DelegatingConstructorAccessorImpl.java:45)
	at java.lang.reflect.Constructor.newInstance(Constructor.java:422)
	at org.openqa.selenium.remote.http.W3CHttpResponseCodec.createException(W3CHttpResponseCodec.java:187)
	at org.openqa.selenium.remote.http.W3CHttpResponseCodec.decode(W3CHttpResponseCodec.java:122)
	at org.openqa.selenium.remote.http.W3CHttpResponseCodec.decode(W3CHttpResponseCodec.java:49)
	at org.openqa.selenium.remote.HttpCommandExecutor.execute(HttpCommandExecutor.java:158)
	at io.appium.java_client.remote.AppiumCommandExecutor.execute(AppiumCommandExecutor.java:231)
	at org.openqa.selenium.remote.RemoteWebDriver.execute(RemoteWebDriver.java:548)
	at io.appium.java_client.DefaultGenericMobileDriver.execute(DefaultGenericMobileDriver.java:42)
	at io.appium.java_client.AppiumDriver.execute(AppiumDriver.java:1)
	at io.appium.java_client.ios.IOSDriver.execute(IOSDriver.java:1)
	at org.openqa.selenium.remote.RemoteWebDriver.findElement(RemoteWebDriver.java:322)
	at io.appium.java_client.DefaultGenericMobileDriver.findElement(DefaultGenericMobileDriver.java:62)
	at io.appium.java_client.AppiumDriver.findElement(AppiumDriver.java:1)
	at io.appium.java_client.ios.IOSDriver.findElement(IOSDriver.java:1)
	at io.appium.java_client.FindsByAccessibilityId.findElementByAccessibilityId(FindsByAccessibilityId.java:37)
	at com.beacon.test.AppTestDeviceOne.add_Incident_Report(AppTestDeviceOne.java:187)
	at sun.reflect.NativeMethodAccessorImpl.invoke0(Native Method)
	at sun.reflect.NativeMethodAccessorImpl.invoke(NativeMethodAccessorImpl.java:62)
	at sun.reflect.DelegatingMethodAccessorImpl.invoke(DelegatingMethodAccessorImpl.java:43)
	at java.lang.reflect.Method.invoke(Method.java:497)
	at org.testng.internal.MethodInvocationHelper.invokeMethod(MethodInvocationHelper.java:124)
	at org.testng.internal.Invoker.invokeMethod(Invoker.java:580)
	at org.testng.internal.Invoker.invokeTestMethod(Invoker.java:716)
	at org.testng.internal.Invoker.invokeTestMethods(Invoker.java:988)
	at org.testng.internal.TestMethodWorker.invokeTestMethods(TestMethodWorker.java:125)
	at org.testng.internal.TestMethodWorker.run(TestMethodWorker.java:109)
	at org.testng.TestRunner.privateRun(TestRunner.java:648)
	at org.testng.TestRunner.run(TestRunner.java:505)
	at org.testng.SuiteRunner.runTest(SuiteRunner.java:455)
	at org.testng.SuiteRunner.runSequentially(SuiteRunner.java:450)
	at org.testng.SuiteRunner.privateRun(SuiteRunner.java:415)
	at org.testng.SuiteRunner.run(SuiteRunner.java:364)
	at org.testng.SuiteRunnerWorker.runSuite(SuiteRunnerWorker.java:52)
	at org.testng.SuiteRunnerWorker.run(SuiteRunnerWorker.java:84)
	at org.testng.TestNG.runSuitesSequentially(TestNG.java:1208)
	at org.testng.TestNG.runSuitesLocally(TestNG.java:1137)
	at org.testng.TestNG.runSuites(TestNG.java:1049)
	at org.testng.TestNG.run(TestNG.java:1017)
	at org.apache.maven.surefire.testng.TestNGExecutor.run(TestNGExecutor.java:283)
	at org.apache.maven.surefire.testng.TestNGXmlTestSuite.execute(TestNGXmlTestSuite.java:75)
	at org.apache.maven.surefire.testng.TestNGProvider.invoke(TestNGProvider.java:120)
	at org.apache.maven.surefire.booter.ForkedBooter.invokeProviderInSameClassLoader(ForkedBooter.java:383)
	at org.apache.maven.surefire.booter.ForkedBooter.runSuitesInProcess(ForkedBooter.java:344)
	at org.apache.maven.surefire.booter.ForkedBooter.execute(ForkedBooter.java:125)
	at org.apache.maven.surefire.booter.ForkedBooter.main(ForkedBooter.java:417)
]]></system-err>
  </testcase>
  <testcase name="add_Incident_Report" classname="com.beacon.test.AppTestDeviceOne" time="64.69"/>
  <testcase name="add_Incident_Report" classname="com.beacon.test.AppTestDeviceOne" time="62.703"/>
  <testcase name="add_Incident_Report" classname="com.beacon.test.AppTestDeviceOne" time="64.023"/>
  <testcase name="add_Incident_Report" classname="com.beacon.test.AppTestDeviceOne" time="63.33"/>
  <testcase name="add_Incident_Report" classname="com.beacon.test.AppTestDeviceOne" time="63.997"/>
  <testcase name="add_Incident_Report" classname="com.beacon.test.AppTestDeviceOne" time="66.349"/>
  <testcase name="add_Incident_Report" classname="com.beacon.test.AppTestDeviceOne" time="134.674">
    <failure message="Unable to create report" type="java.lang.AssertionError">java.lang.AssertionError: Unable to create report
	at com.beacon.test.AppTestDeviceOne.add_Incident_Report(AppTestDeviceOne.java:220)
Caused by: org.openqa.selenium.NoSuchElementException: 
An element could not be located on the page using the given search parameters.
For documentation on this error, please visit: http://seleniumhq.org/exceptions/no_such_element.html
Build info: version: '3.13.0', revision: '2f0d292', time: '2018-06-25T15:24:21.231Z'
System info: host: 'basavarajs-MacBook-Pro.local', ip: '192.168.0.128', os.name: 'Mac OS X', os.arch: 'x86_64', os.version: '10.13.6', java.version: '1.8.0_66'
Driver info: io.appium.java_client.ios.IOSDriver
Capabilities {app: /Users/basavaraj/Desktop/Be..., automationName: XCUITest, browserName: iOS, databaseEnabled: false, deviceName: iPhone, javascriptEnabled: true, locationContextEnabled: false, networkConnectionEnabled: false, noReset: true, platform: MAC, platformName: iOS, platformVersion: 11.4, takesScreenshot: true, udid: 5bebcfa8e9b85198945951f55c6..., usePrebuiltWDA: true, wdaConnectionTimeout: 240000, wdaLaunchTimeout: 240000, webStorageEnabled: false, xcodeOrgId: G56QYJ7ZRJ, xcodeSigningId: iPhone Developer}
Session ID: ea8e962a-6d2f-4c74-996a-219403c9147e
*** Element info: {Using=accessibility id, value=PhotoCapture}
	at com.beacon.test.AppTestDeviceOne.add_Incident_Report(AppTestDeviceOne.java:187)
</failure>
    <system-out><![CDATA[Location searched is Heartland
Clicked on Maintainance
Clicked on SAVE CART
Clicked on Add Photo
]]></system-out>
    <system-err><![CDATA[org.openqa.selenium.NoSuchElementException: An element could not be located on the page using the given search parameters.
For documentation on this error, please visit: http://seleniumhq.org/exceptions/no_such_element.html
Build info: version: '3.13.0', revision: '2f0d292', time: '2018-06-25T15:24:21.231Z'
System info: host: 'basavarajs-MacBook-Pro.local', ip: '192.168.0.128', os.name: 'Mac OS X', os.arch: 'x86_64', os.version: '10.13.6', java.version: '1.8.0_66'
Driver info: io.appium.java_client.ios.IOSDriver
Capabilities {app: /Users/basavaraj/Desktop/Be..., automationName: XCUITest, browserName: iOS, databaseEnabled: false, deviceName: iPhone, javascriptEnabled: true, locationContextEnabled: false, networkConnectionEnabled: false, noReset: true, platform: MAC, platformName: iOS, platformVersion: 11.4, takesScreenshot: true, udid: 5bebcfa8e9b85198945951f55c6..., usePrebuiltWDA: true, wdaConnectionTimeout: 240000, wdaLaunchTimeout: 240000, webStorageEnabled: false, xcodeOrgId: G56QYJ7ZRJ, xcodeSigningId: iPhone Developer}
Session ID: ea8e962a-6d2f-4c74-996a-219403c9147e
*** Element info: {Using=accessibility id, value=PhotoCapture}
	at sun.reflect.NativeConstructorAccessorImpl.newInstance0(Native Method)
	at sun.reflect.NativeConstructorAccessorImpl.newInstance(NativeConstructorAccessorImpl.java:62)
	at sun.reflect.DelegatingConstructorAccessorImpl.newInstance(DelegatingConstructorAccessorImpl.java:45)
	at java.lang.reflect.Constructor.newInstance(Constructor.java:422)
	at org.openqa.selenium.remote.http.W3CHttpResponseCodec.createException(W3CHttpResponseCodec.java:187)
	at org.openqa.selenium.remote.http.W3CHttpResponseCodec.decode(W3CHttpResponseCodec.java:122)
	at org.openqa.selenium.remote.http.W3CHttpResponseCodec.decode(W3CHttpResponseCodec.java:49)
	at org.openqa.selenium.remote.HttpCommandExecutor.execute(HttpCommandExecutor.java:158)
	at io.appium.java_client.remote.AppiumCommandExecutor.execute(AppiumCommandExecutor.java:231)
	at org.openqa.selenium.remote.RemoteWebDriver.execute(RemoteWebDriver.java:548)
	at io.appium.java_client.DefaultGenericMobileDriver.execute(DefaultGenericMobileDriver.java:42)
	at io.appium.java_client.AppiumDriver.execute(AppiumDriver.java:1)
	at io.appium.java_client.ios.IOSDriver.execute(IOSDriver.java:1)
	at org.openqa.selenium.remote.RemoteWebDriver.findElement(RemoteWebDriver.java:322)
	at io.appium.java_client.DefaultGenericMobileDriver.findElement(DefaultGenericMobileDriver.java:62)
	at io.appium.java_client.AppiumDriver.findElement(AppiumDriver.java:1)
	at io.appium.java_client.ios.IOSDriver.findElement(IOSDriver.java:1)
	at io.appium.java_client.FindsByAccessibilityId.findElementByAccessibilityId(FindsByAccessibilityId.java:37)
	at com.beacon.test.AppTestDeviceOne.add_Incident_Report(AppTestDeviceOne.java:187)
	at sun.reflect.NativeMethodAccessorImpl.invoke0(Native Method)
	at sun.reflect.NativeMethodAccessorImpl.invoke(NativeMethodAccessorImpl.java:62)
	at sun.reflect.DelegatingMethodAccessorImpl.invoke(DelegatingMethodAccessorImpl.java:43)
	at java.lang.reflect.Method.invoke(Method.java:497)
	at org.testng.internal.MethodInvocationHelper.invokeMethod(MethodInvocationHelper.java:124)
	at org.testng.internal.Invoker.invokeMethod(Invoker.java:580)
	at org.testng.internal.Invoker.invokeTestMethod(Invoker.java:716)
	at org.testng.internal.Invoker.invokeTestMethods(Invoker.java:988)
	at org.testng.internal.TestMethodWorker.invokeTestMethods(TestMethodWorker.java:125)
	at org.testng.internal.TestMethodWorker.run(TestMethodWorker.java:109)
	at org.testng.TestRunner.privateRun(TestRunner.java:648)
	at org.testng.TestRunner.run(TestRunner.java:505)
	at org.testng.SuiteRunner.runTest(SuiteRunner.java:455)
	at org.testng.SuiteRunner.runSequentially(SuiteRunner.java:450)
	at org.testng.SuiteRunner.privateRun(SuiteRunner.java:415)
	at org.testng.SuiteRunner.run(SuiteRunner.java:364)
	at org.testng.SuiteRunnerWorker.runSuite(SuiteRunnerWorker.java:52)
	at org.testng.SuiteRunnerWorker.run(SuiteRunnerWorker.java:84)
	at org.testng.TestNG.runSuitesSequentially(TestNG.java:1208)
	at org.testng.TestNG.runSuitesLocally(TestNG.java:1137)
	at org.testng.TestNG.runSuites(TestNG.java:1049)
	at org.testng.TestNG.run(TestNG.java:1017)
	at org.apache.maven.surefire.testng.TestNGExecutor.run(TestNGExecutor.java:283)
	at org.apache.maven.surefire.testng.TestNGXmlTestSuite.execute(TestNGXmlTestSuite.java:75)
	at org.apache.maven.surefire.testng.TestNGProvider.invoke(TestNGProvider.java:120)
	at org.apache.maven.surefire.booter.ForkedBooter.invokeProviderInSameClassLoader(ForkedBooter.java:383)
	at org.apache.maven.surefire.booter.ForkedBooter.runSuitesInProcess(ForkedBooter.java:344)
	at org.apache.maven.surefire.booter.ForkedBooter.execute(ForkedBooter.java:125)
	at org.apache.maven.surefire.booter.ForkedBooter.main(ForkedBooter.java:417)
]]></system-err>
  </testcase>
  <testcase name="add_Incident_Report" classname="com.beacon.test.AppTestDeviceOne" time="66.201"/>
  <testcase name="add_Incident_Report" classname="com.beacon.test.AppTestDeviceOne" time="63.755"/>
  <testcase name="add_Incident_Report" classname="com.beacon.test.AppTestDeviceOne" time="63.209"/>
  <testcase name="add_Incident_Report" classname="com.beacon.test.AppTestDeviceOne" time="65.403"/>
  <testcase name="add_Incident_Report" classname="com.beacon.test.AppTestDeviceOne" time="64.644"/>
  <testcase name="add_Incident_Report" classname="com.beacon.test.AppTestDeviceOne" time="64.782"/>
  <testcase name="add_Incident_Report" classname="com.beacon.test.AppTestDeviceOne" time="129.469">
    <failure message="Unable to create report" type="java.lang.AssertionError">java.lang.AssertionError: Unable to create report
	at com.beacon.test.AppTestDeviceOne.add_Incident_Report(AppTestDeviceOne.java:220)
Caused by: org.openqa.selenium.NoSuchElementException: 
An element could not be located on the page using the given search parameters.
For documentation on this error, please visit: http://seleniumhq.org/exceptions/no_such_element.html
Build info: version: '3.13.0', revision: '2f0d292', time: '2018-06-25T15:24:21.231Z'
System info: host: 'basavarajs-MacBook-Pro.local', ip: '192.168.0.128', os.name: 'Mac OS X', os.arch: 'x86_64', os.version: '10.13.6', java.version: '1.8.0_66'
Driver info: io.appium.java_client.ios.IOSDriver
Capabilities {app: /Users/basavaraj/Desktop/Be..., automationName: XCUITest, browserName: iOS, databaseEnabled: false, deviceName: iPhone, javascriptEnabled: true, locationContextEnabled: false, networkConnectionEnabled: false, noReset: true, platform: MAC, platformName: iOS, platformVersion: 11.4, takesScreenshot: true, udid: 5bebcfa8e9b85198945951f55c6..., usePrebuiltWDA: true, wdaConnectionTimeout: 240000, wdaLaunchTimeout: 240000, webStorageEnabled: false, xcodeOrgId: G56QYJ7ZRJ, xcodeSigningId: iPhone Developer}
Session ID: ea8e962a-6d2f-4c74-996a-219403c9147e
*** Element info: {Using=accessibility id, value=Use Photo}
	at com.beacon.test.AppTestDeviceOne.add_Incident_Report(AppTestDeviceOne.java:191)
</failure>
    <system-out><![CDATA[Location searched is Heartland
Clicked on Maintainance
Clicked on SAVE CART
Clicked on Add Photo
Clicked on PhotoCapture
]]></system-out>
    <system-err><![CDATA[org.openqa.selenium.NoSuchElementException: An element could not be located on the page using the given search parameters.
For documentation on this error, please visit: http://seleniumhq.org/exceptions/no_such_element.html
Build info: version: '3.13.0', revision: '2f0d292', time: '2018-06-25T15:24:21.231Z'
System info: host: 'basavarajs-MacBook-Pro.local', ip: '192.168.0.128', os.name: 'Mac OS X', os.arch: 'x86_64', os.version: '10.13.6', java.version: '1.8.0_66'
Driver info: io.appium.java_client.ios.IOSDriver
Capabilities {app: /Users/basavaraj/Desktop/Be..., automationName: XCUITest, browserName: iOS, databaseEnabled: false, deviceName: iPhone, javascriptEnabled: true, locationContextEnabled: false, networkConnectionEnabled: false, noReset: true, platform: MAC, platformName: iOS, platformVersion: 11.4, takesScreenshot: true, udid: 5bebcfa8e9b85198945951f55c6..., usePrebuiltWDA: true, wdaConnectionTimeout: 240000, wdaLaunchTimeout: 240000, webStorageEnabled: false, xcodeOrgId: G56QYJ7ZRJ, xcodeSigningId: iPhone Developer}
Session ID: ea8e962a-6d2f-4c74-996a-219403c9147e
*** Element info: {Using=accessibility id, value=Use Photo}
	at sun.reflect.NativeConstructorAccessorImpl.newInstance0(Native Method)
	at sun.reflect.NativeConstructorAccessorImpl.newInstance(NativeConstructorAccessorImpl.java:62)
	at sun.reflect.DelegatingConstructorAccessorImpl.newInstance(DelegatingConstructorAccessorImpl.java:45)
	at java.lang.reflect.Constructor.newInstance(Constructor.java:422)
	at org.openqa.selenium.remote.http.W3CHttpResponseCodec.createException(W3CHttpResponseCodec.java:187)
	at org.openqa.selenium.remote.http.W3CHttpResponseCodec.decode(W3CHttpResponseCodec.java:122)
	at org.openqa.selenium.remote.http.W3CHttpResponseCodec.decode(W3CHttpResponseCodec.java:49)
	at org.openqa.selenium.remote.HttpCommandExecutor.execute(HttpCommandExecutor.java:158)
	at io.appium.java_client.remote.AppiumCommandExecutor.execute(AppiumCommandExecutor.java:231)
	at org.openqa.selenium.remote.RemoteWebDriver.execute(RemoteWebDriver.java:548)
	at io.appium.java_client.DefaultGenericMobileDriver.execute(DefaultGenericMobileDriver.java:42)
	at io.appium.java_client.AppiumDriver.execute(AppiumDriver.java:1)
	at io.appium.java_client.ios.IOSDriver.execute(IOSDriver.java:1)
	at org.openqa.selenium.remote.RemoteWebDriver.findElement(RemoteWebDriver.java:322)
	at io.appium.java_client.DefaultGenericMobileDriver.findElement(DefaultGenericMobileDriver.java:62)
	at io.appium.java_client.AppiumDriver.findElement(AppiumDriver.java:1)
	at io.appium.java_client.ios.IOSDriver.findElement(IOSDriver.java:1)
	at io.appium.java_client.FindsByAccessibilityId.findElementByAccessibilityId(FindsByAccessibilityId.java:37)
	at com.beacon.test.AppTestDeviceOne.add_Incident_Report(AppTestDeviceOne.java:191)
	at sun.reflect.GeneratedMethodAccessor2.invoke(Unknown Source)
	at sun.reflect.DelegatingMethodAccessorImpl.invoke(DelegatingMethodAccessorImpl.java:43)
	at java.lang.reflect.Method.invoke(Method.java:497)
	at org.testng.internal.MethodInvocationHelper.invokeMethod(MethodInvocationHelper.java:124)
	at org.testng.internal.Invoker.invokeMethod(Invoker.java:580)
	at org.testng.internal.Invoker.invokeTestMethod(Invoker.java:716)
	at org.testng.internal.Invoker.invokeTestMethods(Invoker.java:988)
	at org.testng.internal.TestMethodWorker.invokeTestMethods(TestMethodWorker.java:125)
	at org.testng.internal.TestMethodWorker.run(TestMethodWorker.java:109)
	at org.testng.TestRunner.privateRun(TestRunner.java:648)
	at org.testng.TestRunner.run(TestRunner.java:505)
	at org.testng.SuiteRunner.runTest(SuiteRunner.java:455)
	at org.testng.SuiteRunner.runSequentially(SuiteRunner.java:450)
	at org.testng.SuiteRunner.privateRun(SuiteRunner.java:415)
	at org.testng.SuiteRunner.run(SuiteRunner.java:364)
	at org.testng.SuiteRunnerWorker.runSuite(SuiteRunnerWorker.java:52)
	at org.testng.SuiteRunnerWorker.run(SuiteRunnerWorker.java:84)
	at org.testng.TestNG.runSuitesSequentially(TestNG.java:1208)
	at org.testng.TestNG.runSuitesLocally(TestNG.java:1137)
	at org.testng.TestNG.runSuites(TestNG.java:1049)
	at org.testng.TestNG.run(TestNG.java:1017)
	at org.apache.maven.surefire.testng.TestNGExecutor.run(TestNGExecutor.java:283)
	at org.apache.maven.surefire.testng.TestNGXmlTestSuite.execute(TestNGXmlTestSuite.java:75)
	at org.apache.maven.surefire.testng.TestNGProvider.invoke(TestNGProvider.java:120)
	at org.apache.maven.surefire.booter.ForkedBooter.invokeProviderInSameClassLoader(ForkedBooter.java:383)
	at org.apache.maven.surefire.booter.ForkedBooter.runSuitesInProcess(ForkedBooter.java:344)
	at org.apache.maven.surefire.booter.ForkedBooter.execute(ForkedBooter.java:125)
	at org.apache.maven.surefire.booter.ForkedBooter.main(ForkedBooter.java:417)
]]></system-err>
  </testcase>
  <testcase name="add_Incident_Report" classname="com.beacon.test.AppTestDeviceOne" time="63.945"/>
  <testcase name="add_Incident_Report" classname="com.beacon.test.AppTestDeviceOne" time="62.9"/>
  <testcase name="add_Incident_Report" classname="com.beacon.test.AppTestDeviceOne" time="63.328"/>
  <testcase name="add_Incident_Report" classname="com.beacon.test.AppTestDeviceOne" time="64.862"/>
  <testcase name="add_Incident_Report" classname="com.beacon.test.AppTestDeviceOne" time="64.404"/>
  <testcase name="add_Incident_Report" classname="com.beacon.test.AppTestDeviceOne" time="64.91"/>
  <testcase name="add_Incident_Report" classname="com.beacon.test.AppTestDeviceOne" time="77.053">
    <failure message="Unable to create report" type="java.lang.AssertionError">java.lang.AssertionError: Unable to create report
	at com.beacon.test.AppTestDeviceOne.add_Incident_Report(AppTestDeviceOne.java:220)
Caused by: org.openqa.selenium.NoSuchElementException: 
An element could not be located on the page using the given search parameters.
For documentation on this error, please visit: http://seleniumhq.org/exceptions/no_such_element.html
Build info: version: '3.13.0', revision: '2f0d292', time: '2018-06-25T15:24:21.231Z'
System info: host: 'basavarajs-MacBook-Pro.local', ip: '192.168.0.128', os.name: 'Mac OS X', os.arch: 'x86_64', os.version: '10.13.6', java.version: '1.8.0_66'
Driver info: io.appium.java_client.ios.IOSDriver
Capabilities {app: /Users/basavaraj/Desktop/Be..., automationName: XCUITest, browserName: iOS, databaseEnabled: false, deviceName: iPhone, javascriptEnabled: true, locationContextEnabled: false, networkConnectionEnabled: false, noReset: true, platform: MAC, platformName: iOS, platformVersion: 11.4, takesScreenshot: true, udid: 5bebcfa8e9b85198945951f55c6..., usePrebuiltWDA: true, wdaConnectionTimeout: 240000, wdaLaunchTimeout: 240000, webStorageEnabled: false, xcodeOrgId: G56QYJ7ZRJ, xcodeSigningId: iPhone Developer}
Session ID: ea8e962a-6d2f-4c74-996a-219403c9147e
*** Element info: {Using=accessibility id, value=Aerial coax construction composite (Coax Only)}
	at com.beacon.test.AppTestDeviceOne.add_Incident_Report(AppTestDeviceOne.java:148)
</failure>
    <system-out><![CDATA[Location searched is Houston
Clicked on Maintainance
]]></system-out>
    <system-err><![CDATA[org.openqa.selenium.NoSuchElementException: An element could not be located on the page using the given search parameters.
For documentation on this error, please visit: http://seleniumhq.org/exceptions/no_such_element.html
Build info: version: '3.13.0', revision: '2f0d292', time: '2018-06-25T15:24:21.231Z'
System info: host: 'basavarajs-MacBook-Pro.local', ip: '192.168.0.128', os.name: 'Mac OS X', os.arch: 'x86_64', os.version: '10.13.6', java.version: '1.8.0_66'
Driver info: io.appium.java_client.ios.IOSDriver
Capabilities {app: /Users/basavaraj/Desktop/Be..., automationName: XCUITest, browserName: iOS, databaseEnabled: false, deviceName: iPhone, javascriptEnabled: true, locationContextEnabled: false, networkConnectionEnabled: false, noReset: true, platform: MAC, platformName: iOS, platformVersion: 11.4, takesScreenshot: true, udid: 5bebcfa8e9b85198945951f55c6..., usePrebuiltWDA: true, wdaConnectionTimeout: 240000, wdaLaunchTimeout: 240000, webStorageEnabled: false, xcodeOrgId: G56QYJ7ZRJ, xcodeSigningId: iPhone Developer}
Session ID: ea8e962a-6d2f-4c74-996a-219403c9147e
*** Element info: {Using=accessibility id, value=Aerial coax construction composite (Coax Only)}
	at sun.reflect.NativeConstructorAccessorImpl.newInstance0(Native Method)
	at sun.reflect.NativeConstructorAccessorImpl.newInstance(NativeConstructorAccessorImpl.java:62)
	at sun.reflect.DelegatingConstructorAccessorImpl.newInstance(DelegatingConstructorAccessorImpl.java:45)
	at java.lang.reflect.Constructor.newInstance(Constructor.java:422)
	at org.openqa.selenium.remote.http.W3CHttpResponseCodec.createException(W3CHttpResponseCodec.java:187)
	at org.openqa.selenium.remote.http.W3CHttpResponseCodec.decode(W3CHttpResponseCodec.java:122)
	at org.openqa.selenium.remote.http.W3CHttpResponseCodec.decode(W3CHttpResponseCodec.java:49)
	at org.openqa.selenium.remote.HttpCommandExecutor.execute(HttpCommandExecutor.java:158)
	at io.appium.java_client.remote.AppiumCommandExecutor.execute(AppiumCommandExecutor.java:231)
	at org.openqa.selenium.remote.RemoteWebDriver.execute(RemoteWebDriver.java:548)
	at io.appium.java_client.DefaultGenericMobileDriver.execute(DefaultGenericMobileDriver.java:42)
	at io.appium.java_client.AppiumDriver.execute(AppiumDriver.java:1)
	at io.appium.java_client.ios.IOSDriver.execute(IOSDriver.java:1)
	at org.openqa.selenium.remote.RemoteWebDriver.findElement(RemoteWebDriver.java:322)
	at io.appium.java_client.DefaultGenericMobileDriver.findElement(DefaultGenericMobileDriver.java:62)
	at io.appium.java_client.AppiumDriver.findElement(AppiumDriver.java:1)
	at io.appium.java_client.ios.IOSDriver.findElement(IOSDriver.java:1)
	at io.appium.java_client.FindsByAccessibilityId.findElementByAccessibilityId(FindsByAccessibilityId.java:37)
	at com.beacon.test.AppTestDeviceOne.add_Incident_Report(AppTestDeviceOne.java:148)
	at sun.reflect.GeneratedMethodAccessor2.invoke(Unknown Source)
	at sun.reflect.DelegatingMethodAccessorImpl.invoke(DelegatingMethodAccessorImpl.java:43)
	at java.lang.reflect.Method.invoke(Method.java:497)
	at org.testng.internal.MethodInvocationHelper.invokeMethod(MethodInvocationHelper.java:124)
	at org.testng.internal.Invoker.invokeMethod(Invoker.java:580)
	at org.testng.internal.Invoker.invokeTestMethod(Invoker.java:716)
	at org.testng.internal.Invoker.invokeTestMethods(Invoker.java:988)
	at org.testng.internal.TestMethodWorker.invokeTestMethods(TestMethodWorker.java:125)
	at org.testng.internal.TestMethodWorker.run(TestMethodWorker.java:109)
	at org.testng.TestRunner.privateRun(TestRunner.java:648)
	at org.testng.TestRunner.run(TestRunner.java:505)
	at org.testng.SuiteRunner.runTest(SuiteRunner.java:455)
	at org.testng.SuiteRunner.runSequentially(SuiteRunner.java:450)
	at org.testng.SuiteRunner.privateRun(SuiteRunner.java:415)
	at org.testng.SuiteRunner.run(SuiteRunner.java:364)
	at org.testng.SuiteRunnerWorker.runSuite(SuiteRunnerWorker.java:52)
	at org.testng.SuiteRunnerWorker.run(SuiteRunnerWorker.java:84)
	at org.testng.TestNG.runSuitesSequentially(TestNG.java:1208)
	at org.testng.TestNG.runSuitesLocally(TestNG.java:1137)
	at org.testng.TestNG.runSuites(TestNG.java:1049)
	at org.testng.TestNG.run(TestNG.java:1017)
	at org.apache.maven.surefire.testng.TestNGExecutor.run(TestNGExecutor.java:283)
	at org.apache.maven.surefire.testng.TestNGXmlTestSuite.execute(TestNGXmlTestSuite.java:75)
	at org.apache.maven.surefire.testng.TestNGProvider.invoke(TestNGProvider.java:120)
	at org.apache.maven.surefire.booter.ForkedBooter.invokeProviderInSameClassLoader(ForkedBooter.java:383)
	at org.apache.maven.surefire.booter.ForkedBooter.runSuitesInProcess(ForkedBooter.java:344)
	at org.apache.maven.surefire.booter.ForkedBooter.execute(ForkedBooter.java:125)
	at org.apache.maven.surefire.booter.ForkedBooter.main(ForkedBooter.java:417)
]]></system-err>
  </testcase>
  <testcase name="add_Incident_Report" classname="com.beacon.test.AppTestDeviceOne" time="63.798"/>
  <testcase name="add_Incident_Report" classname="com.beacon.test.AppTestDeviceOne" time="62.862"/>
  <testcase name="add_Incident_Report" classname="com.beacon.test.AppTestDeviceOne" time="63.313"/>
  <testcase name="add_Incident_Report" classname="com.beacon.test.AppTestDeviceOne" time="64.365"/>
  <testcase name="add_Incident_Report" classname="com.beacon.test.AppTestDeviceOne" time="66.998"/>
  <testcase name="add_Incident_Report" classname="com.beacon.test.AppTestDeviceOne" time="64.035"/>
  <testcase name="add_Incident_Report" classname="com.beacon.test.AppTestDeviceOne" time="139.384">
    <failure message="Unable to create report" type="java.lang.AssertionError">java.lang.AssertionError: Unable to create report
	at com.beacon.test.AppTestDeviceOne.add_Incident_Report(AppTestDeviceOne.java:220)
Caused by: org.openqa.selenium.NoSuchElementException: 
An element could not be located on the page using the given search parameters.
For documentation on this error, please visit: http://seleniumhq.org/exceptions/no_such_element.html
Build info: version: '3.13.0', revision: '2f0d292', time: '2018-06-25T15:24:21.231Z'
System info: host: 'basavarajs-MacBook-Pro.local', ip: '192.168.0.128', os.name: 'Mac OS X', os.arch: 'x86_64', os.version: '10.13.6', java.version: '1.8.0_66'
Driver info: io.appium.java_client.ios.IOSDriver
Capabilities {app: /Users/basavaraj/Desktop/Be..., automationName: XCUITest, browserName: iOS, databaseEnabled: false, deviceName: iPhone, javascriptEnabled: true, locationContextEnabled: false, networkConnectionEnabled: false, noReset: true, platform: MAC, platformName: iOS, platformVersion: 11.4, takesScreenshot: true, udid: 5bebcfa8e9b85198945951f55c6..., usePrebuiltWDA: true, wdaConnectionTimeout: 240000, wdaLaunchTimeout: 240000, webStorageEnabled: false, xcodeOrgId: G56QYJ7ZRJ, xcodeSigningId: iPhone Developer}
Session ID: ea8e962a-6d2f-4c74-996a-219403c9147e
*** Element info: {Using=accessibility id, value=PhotoCapture}
	at com.beacon.test.AppTestDeviceOne.add_Incident_Report(AppTestDeviceOne.java:187)
</failure>
    <system-out><![CDATA[Location searched is Florida
Clicked on Maintainance
Clicked on SAVE CART
Clicked on Add Photo
]]></system-out>
    <system-err><![CDATA[org.openqa.selenium.NoSuchElementException: An element could not be located on the page using the given search parameters.
For documentation on this error, please visit: http://seleniumhq.org/exceptions/no_such_element.html
Build info: version: '3.13.0', revision: '2f0d292', time: '2018-06-25T15:24:21.231Z'
System info: host: 'basavarajs-MacBook-Pro.local', ip: '192.168.0.128', os.name: 'Mac OS X', os.arch: 'x86_64', os.version: '10.13.6', java.version: '1.8.0_66'
Driver info: io.appium.java_client.ios.IOSDriver
Capabilities {app: /Users/basavaraj/Desktop/Be..., automationName: XCUITest, browserName: iOS, databaseEnabled: false, deviceName: iPhone, javascriptEnabled: true, locationContextEnabled: false, networkConnectionEnabled: false, noReset: true, platform: MAC, platformName: iOS, platformVersion: 11.4, takesScreenshot: true, udid: 5bebcfa8e9b85198945951f55c6..., usePrebuiltWDA: true, wdaConnectionTimeout: 240000, wdaLaunchTimeout: 240000, webStorageEnabled: false, xcodeOrgId: G56QYJ7ZRJ, xcodeSigningId: iPhone Developer}
Session ID: ea8e962a-6d2f-4c74-996a-219403c9147e
*** Element info: {Using=accessibility id, value=PhotoCapture}
	at sun.reflect.NativeConstructorAccessorImpl.newInstance0(Native Method)
	at sun.reflect.NativeConstructorAccessorImpl.newInstance(NativeConstructorAccessorImpl.java:62)
	at sun.reflect.DelegatingConstructorAccessorImpl.newInstance(DelegatingConstructorAccessorImpl.java:45)
	at java.lang.reflect.Constructor.newInstance(Constructor.java:422)
	at org.openqa.selenium.remote.http.W3CHttpResponseCodec.createException(W3CHttpResponseCodec.java:187)
	at org.openqa.selenium.remote.http.W3CHttpResponseCodec.decode(W3CHttpResponseCodec.java:122)
	at org.openqa.selenium.remote.http.W3CHttpResponseCodec.decode(W3CHttpResponseCodec.java:49)
	at org.openqa.selenium.remote.HttpCommandExecutor.execute(HttpCommandExecutor.java:158)
	at io.appium.java_client.remote.AppiumCommandExecutor.execute(AppiumCommandExecutor.java:231)
	at org.openqa.selenium.remote.RemoteWebDriver.execute(RemoteWebDriver.java:548)
	at io.appium.java_client.DefaultGenericMobileDriver.execute(DefaultGenericMobileDriver.java:42)
	at io.appium.java_client.AppiumDriver.execute(AppiumDriver.java:1)
	at io.appium.java_client.ios.IOSDriver.execute(IOSDriver.java:1)
	at org.openqa.selenium.remote.RemoteWebDriver.findElement(RemoteWebDriver.java:322)
	at io.appium.java_client.DefaultGenericMobileDriver.findElement(DefaultGenericMobileDriver.java:62)
	at io.appium.java_client.AppiumDriver.findElement(AppiumDriver.java:1)
	at io.appium.java_client.ios.IOSDriver.findElement(IOSDriver.java:1)
	at io.appium.java_client.FindsByAccessibilityId.findElementByAccessibilityId(FindsByAccessibilityId.java:37)
	at com.beacon.test.AppTestDeviceOne.add_Incident_Report(AppTestDeviceOne.java:187)
	at sun.reflect.GeneratedMethodAccessor2.invoke(Unknown Source)
	at sun.reflect.DelegatingMethodAccessorImpl.invoke(DelegatingMethodAccessorImpl.java:43)
	at java.lang.reflect.Method.invoke(Method.java:497)
	at org.testng.internal.MethodInvocationHelper.invokeMethod(MethodInvocationHelper.java:124)
	at org.testng.internal.Invoker.invokeMethod(Invoker.java:580)
	at org.testng.internal.Invoker.invokeTestMethod(Invoker.java:716)
	at org.testng.internal.Invoker.invokeTestMethods(Invoker.java:988)
	at org.testng.internal.TestMethodWorker.invokeTestMethods(TestMethodWorker.java:125)
	at org.testng.internal.TestMethodWorker.run(TestMethodWorker.java:109)
	at org.testng.TestRunner.privateRun(TestRunner.java:648)
	at org.testng.TestRunner.run(TestRunner.java:505)
	at org.testng.SuiteRunner.runTest(SuiteRunner.java:455)
	at org.testng.SuiteRunner.runSequentially(SuiteRunner.java:450)
	at org.testng.SuiteRunner.privateRun(SuiteRunner.java:415)
	at org.testng.SuiteRunner.run(SuiteRunner.java:364)
	at org.testng.SuiteRunnerWorker.runSuite(SuiteRunnerWorker.java:52)
	at org.testng.SuiteRunnerWorker.run(SuiteRunnerWorker.java:84)
	at org.testng.TestNG.runSuitesSequentially(TestNG.java:1208)
	at org.testng.TestNG.runSuitesLocally(TestNG.java:1137)
	at org.testng.TestNG.runSuites(TestNG.java:1049)
	at org.testng.TestNG.run(TestNG.java:1017)
	at org.apache.maven.surefire.testng.TestNGExecutor.run(TestNGExecutor.java:283)
	at org.apache.maven.surefire.testng.TestNGXmlTestSuite.execute(TestNGXmlTestSuite.java:75)
	at org.apache.maven.surefire.testng.TestNGProvider.invoke(TestNGProvider.java:120)
	at org.apache.maven.surefire.booter.ForkedBooter.invokeProviderInSameClassLoader(ForkedBooter.java:383)
	at org.apache.maven.surefire.booter.ForkedBooter.runSuitesInProcess(ForkedBooter.java:344)
	at org.apache.maven.surefire.booter.ForkedBooter.execute(ForkedBooter.java:125)
	at org.apache.maven.surefire.booter.ForkedBooter.main(ForkedBooter.java:417)
]]></system-err>
  </testcase>
  <testcase name="add_Incident_Report" classname="com.beacon.test.AppTestDeviceOne" time="64.651"/>
  <testcase name="add_Incident_Report" classname="com.beacon.test.AppTestDeviceOne" time="63.097"/>
  <testcase name="add_Incident_Report" classname="com.beacon.test.AppTestDeviceOne" time="63.885"/>
  <testcase name="add_Incident_Report" classname="com.beacon.test.AppTestDeviceOne" time="63.99"/>
  <testcase name="add_Incident_Report" classname="com.beacon.test.AppTestDeviceOne" time="65.046"/>
  <testcase name="add_Incident_Report" classname="com.beacon.test.AppTestDeviceOne" time="66.521"/>
  <testcase name="add_Incident_Report" classname="com.beacon.test.AppTestDeviceOne" time="135.413">
    <failure message="Unable to create report" type="java.lang.AssertionError">java.lang.AssertionError: Unable to create report
	at com.beacon.test.AppTestDeviceOne.add_Incident_Report(AppTestDeviceOne.java:220)
Caused by: org.openqa.selenium.NoSuchElementException: 
An element could not be located on the page using the given search parameters.
For documentation on this error, please visit: http://seleniumhq.org/exceptions/no_such_element.html
Build info: version: '3.13.0', revision: '2f0d292', time: '2018-06-25T15:24:21.231Z'
System info: host: 'basavarajs-MacBook-Pro.local', ip: '192.168.0.128', os.name: 'Mac OS X', os.arch: 'x86_64', os.version: '10.13.6', java.version: '1.8.0_66'
Driver info: io.appium.java_client.ios.IOSDriver
Capabilities {app: /Users/basavaraj/Desktop/Be..., automationName: XCUITest, browserName: iOS, databaseEnabled: false, deviceName: iPhone, javascriptEnabled: true, locationContextEnabled: false, networkConnectionEnabled: false, noReset: true, platform: MAC, platformName: iOS, platformVersion: 11.4, takesScreenshot: true, udid: 5bebcfa8e9b85198945951f55c6..., usePrebuiltWDA: true, wdaConnectionTimeout: 240000, wdaLaunchTimeout: 240000, webStorageEnabled: false, xcodeOrgId: G56QYJ7ZRJ, xcodeSigningId: iPhone Developer}
Session ID: ea8e962a-6d2f-4c74-996a-219403c9147e
*** Element info: {Using=accessibility id, value=PhotoCapture}
	at com.beacon.test.AppTestDeviceOne.add_Incident_Report(AppTestDeviceOne.java:187)
</failure>
    <system-out><![CDATA[Location searched is Heartland
Clicked on Maintainance
Clicked on SAVE CART
Clicked on Add Photo
]]></system-out>
    <system-err><![CDATA[org.openqa.selenium.NoSuchElementException: An element could not be located on the page using the given search parameters.
For documentation on this error, please visit: http://seleniumhq.org/exceptions/no_such_element.html
Build info: version: '3.13.0', revision: '2f0d292', time: '2018-06-25T15:24:21.231Z'
System info: host: 'basavarajs-MacBook-Pro.local', ip: '192.168.0.128', os.name: 'Mac OS X', os.arch: 'x86_64', os.version: '10.13.6', java.version: '1.8.0_66'
Driver info: io.appium.java_client.ios.IOSDriver
Capabilities {app: /Users/basavaraj/Desktop/Be..., automationName: XCUITest, browserName: iOS, databaseEnabled: false, deviceName: iPhone, javascriptEnabled: true, locationContextEnabled: false, networkConnectionEnabled: false, noReset: true, platform: MAC, platformName: iOS, platformVersion: 11.4, takesScreenshot: true, udid: 5bebcfa8e9b85198945951f55c6..., usePrebuiltWDA: true, wdaConnectionTimeout: 240000, wdaLaunchTimeout: 240000, webStorageEnabled: false, xcodeOrgId: G56QYJ7ZRJ, xcodeSigningId: iPhone Developer}
Session ID: ea8e962a-6d2f-4c74-996a-219403c9147e
*** Element info: {Using=accessibility id, value=PhotoCapture}
	at sun.reflect.NativeConstructorAccessorImpl.newInstance0(Native Method)
	at sun.reflect.NativeConstructorAccessorImpl.newInstance(NativeConstructorAccessorImpl.java:62)
	at sun.reflect.DelegatingConstructorAccessorImpl.newInstance(DelegatingConstructorAccessorImpl.java:45)
	at java.lang.reflect.Constructor.newInstance(Constructor.java:422)
	at org.openqa.selenium.remote.http.W3CHttpResponseCodec.createException(W3CHttpResponseCodec.java:187)
	at org.openqa.selenium.remote.http.W3CHttpResponseCodec.decode(W3CHttpResponseCodec.java:122)
	at org.openqa.selenium.remote.http.W3CHttpResponseCodec.decode(W3CHttpResponseCodec.java:49)
	at org.openqa.selenium.remote.HttpCommandExecutor.execute(HttpCommandExecutor.java:158)
	at io.appium.java_client.remote.AppiumCommandExecutor.execute(AppiumCommandExecutor.java:231)
	at org.openqa.selenium.remote.RemoteWebDriver.execute(RemoteWebDriver.java:548)
	at io.appium.java_client.DefaultGenericMobileDriver.execute(DefaultGenericMobileDriver.java:42)
	at io.appium.java_client.AppiumDriver.execute(AppiumDriver.java:1)
	at io.appium.java_client.ios.IOSDriver.execute(IOSDriver.java:1)
	at org.openqa.selenium.remote.RemoteWebDriver.findElement(RemoteWebDriver.java:322)
	at io.appium.java_client.DefaultGenericMobileDriver.findElement(DefaultGenericMobileDriver.java:62)
	at io.appium.java_client.AppiumDriver.findElement(AppiumDriver.java:1)
	at io.appium.java_client.ios.IOSDriver.findElement(IOSDriver.java:1)
	at io.appium.java_client.FindsByAccessibilityId.findElementByAccessibilityId(FindsByAccessibilityId.java:37)
	at com.beacon.test.AppTestDeviceOne.add_Incident_Report(AppTestDeviceOne.java:187)
	at sun.reflect.GeneratedMethodAccessor2.invoke(Unknown Source)
	at sun.reflect.DelegatingMethodAccessorImpl.invoke(DelegatingMethodAccessorImpl.java:43)
	at java.lang.reflect.Method.invoke(Method.java:497)
	at org.testng.internal.MethodInvocationHelper.invokeMethod(MethodInvocationHelper.java:124)
	at org.testng.internal.Invoker.invokeMethod(Invoker.java:580)
	at org.testng.internal.Invoker.invokeTestMethod(Invoker.java:716)
	at org.testng.internal.Invoker.invokeTestMethods(Invoker.java:988)
	at org.testng.internal.TestMethodWorker.invokeTestMethods(TestMethodWorker.java:125)
	at org.testng.internal.TestMethodWorker.run(TestMethodWorker.java:109)
	at org.testng.TestRunner.privateRun(TestRunner.java:648)
	at org.testng.TestRunner.run(TestRunner.java:505)
	at org.testng.SuiteRunner.runTest(SuiteRunner.java:455)
	at org.testng.SuiteRunner.runSequentially(SuiteRunner.java:450)
	at org.testng.SuiteRunner.privateRun(SuiteRunner.java:415)
	at org.testng.SuiteRunner.run(SuiteRunner.java:364)
	at org.testng.SuiteRunnerWorker.runSuite(SuiteRunnerWorker.java:52)
	at org.testng.SuiteRunnerWorker.run(SuiteRunnerWorker.java:84)
	at org.testng.TestNG.runSuitesSequentially(TestNG.java:1208)
	at org.testng.TestNG.runSuitesLocally(TestNG.java:1137)
	at org.testng.TestNG.runSuites(TestNG.java:1049)
	at org.testng.TestNG.run(TestNG.java:1017)
	at org.apache.maven.surefire.testng.TestNGExecutor.run(TestNGExecutor.java:283)
	at org.apache.maven.surefire.testng.TestNGXmlTestSuite.execute(TestNGXmlTestSuite.java:75)
	at org.apache.maven.surefire.testng.TestNGProvider.invoke(TestNGProvider.java:120)
	at org.apache.maven.surefire.booter.ForkedBooter.invokeProviderInSameClassLoader(ForkedBooter.java:383)
	at org.apache.maven.surefire.booter.ForkedBooter.runSuitesInProcess(ForkedBooter.java:344)
	at org.apache.maven.surefire.booter.ForkedBooter.execute(ForkedBooter.java:125)
	at org.apache.maven.surefire.booter.ForkedBooter.main(ForkedBooter.java:417)
]]></system-err>
  </testcase>
  <testcase name="add_Incident_Report" classname="com.beacon.test.AppTestDeviceOne" time="64.763"/>
  <testcase name="add_Incident_Report" classname="com.beacon.test.AppTestDeviceOne" time="63.125"/>
  <testcase name="add_Incident_Report" classname="com.beacon.test.AppTestDeviceOne" time="63.442"/>
  <testcase name="add_Incident_Report" classname="com.beacon.test.AppTestDeviceOne" time="63.672"/>
  <testcase name="add_Incident_Report" classname="com.beacon.test.AppTestDeviceOne" time="64.171"/>
  <testcase name="add_Incident_Report" classname="com.beacon.test.AppTestDeviceOne" time="67.193"/>
  <testcase name="add_Incident_Report" classname="com.beacon.test.AppTestDeviceOne" time="135.536">
    <failure message="Unable to create report" type="java.lang.AssertionError">java.lang.AssertionError: Unable to create report
	at com.beacon.test.AppTestDeviceOne.add_Incident_Report(AppTestDeviceOne.java:220)
Caused by: org.openqa.selenium.NoSuchElementException: 
An element could not be located on the page using the given search parameters.
For documentation on this error, please visit: http://seleniumhq.org/exceptions/no_such_element.html
Build info: version: '3.13.0', revision: '2f0d292', time: '2018-06-25T15:24:21.231Z'
System info: host: 'basavarajs-MacBook-Pro.local', ip: '192.168.0.128', os.name: 'Mac OS X', os.arch: 'x86_64', os.version: '10.13.6', java.version: '1.8.0_66'
Driver info: io.appium.java_client.ios.IOSDriver
Capabilities {app: /Users/basavaraj/Desktop/Be..., automationName: XCUITest, browserName: iOS, databaseEnabled: false, deviceName: iPhone, javascriptEnabled: true, locationContextEnabled: false, networkConnectionEnabled: false, noReset: true, platform: MAC, platformName: iOS, platformVersion: 11.4, takesScreenshot: true, udid: 5bebcfa8e9b85198945951f55c6..., usePrebuiltWDA: true, wdaConnectionTimeout: 240000, wdaLaunchTimeout: 240000, webStorageEnabled: false, xcodeOrgId: G56QYJ7ZRJ, xcodeSigningId: iPhone Developer}
Session ID: ea8e962a-6d2f-4c74-996a-219403c9147e
*** Element info: {Using=accessibility id, value=PhotoCapture}
	at com.beacon.test.AppTestDeviceOne.add_Incident_Report(AppTestDeviceOne.java:187)
</failure>
    <system-out><![CDATA[Location searched is Oregon
Clicked on Maintainance
Clicked on SAVE CART
Clicked on Add Photo
]]></system-out>
    <system-err><![CDATA[org.openqa.selenium.NoSuchElementException: An element could not be located on the page using the given search parameters.
For documentation on this error, please visit: http://seleniumhq.org/exceptions/no_such_element.html
Build info: version: '3.13.0', revision: '2f0d292', time: '2018-06-25T15:24:21.231Z'
System info: host: 'basavarajs-MacBook-Pro.local', ip: '192.168.0.128', os.name: 'Mac OS X', os.arch: 'x86_64', os.version: '10.13.6', java.version: '1.8.0_66'
Driver info: io.appium.java_client.ios.IOSDriver
Capabilities {app: /Users/basavaraj/Desktop/Be..., automationName: XCUITest, browserName: iOS, databaseEnabled: false, deviceName: iPhone, javascriptEnabled: true, locationContextEnabled: false, networkConnectionEnabled: false, noReset: true, platform: MAC, platformName: iOS, platformVersion: 11.4, takesScreenshot: true, udid: 5bebcfa8e9b85198945951f55c6..., usePrebuiltWDA: true, wdaConnectionTimeout: 240000, wdaLaunchTimeout: 240000, webStorageEnabled: false, xcodeOrgId: G56QYJ7ZRJ, xcodeSigningId: iPhone Developer}
Session ID: ea8e962a-6d2f-4c74-996a-219403c9147e
*** Element info: {Using=accessibility id, value=PhotoCapture}
	at sun.reflect.NativeConstructorAccessorImpl.newInstance0(Native Method)
	at sun.reflect.NativeConstructorAccessorImpl.newInstance(NativeConstructorAccessorImpl.java:62)
	at sun.reflect.DelegatingConstructorAccessorImpl.newInstance(DelegatingConstructorAccessorImpl.java:45)
	at java.lang.reflect.Constructor.newInstance(Constructor.java:422)
	at org.openqa.selenium.remote.http.W3CHttpResponseCodec.createException(W3CHttpResponseCodec.java:187)
	at org.openqa.selenium.remote.http.W3CHttpResponseCodec.decode(W3CHttpResponseCodec.java:122)
	at org.openqa.selenium.remote.http.W3CHttpResponseCodec.decode(W3CHttpResponseCodec.java:49)
	at org.openqa.selenium.remote.HttpCommandExecutor.execute(HttpCommandExecutor.java:158)
	at io.appium.java_client.remote.AppiumCommandExecutor.execute(AppiumCommandExecutor.java:231)
	at org.openqa.selenium.remote.RemoteWebDriver.execute(RemoteWebDriver.java:548)
	at io.appium.java_client.DefaultGenericMobileDriver.execute(DefaultGenericMobileDriver.java:42)
	at io.appium.java_client.AppiumDriver.execute(AppiumDriver.java:1)
	at io.appium.java_client.ios.IOSDriver.execute(IOSDriver.java:1)
	at org.openqa.selenium.remote.RemoteWebDriver.findElement(RemoteWebDriver.java:322)
	at io.appium.java_client.DefaultGenericMobileDriver.findElement(DefaultGenericMobileDriver.java:62)
	at io.appium.java_client.AppiumDriver.findElement(AppiumDriver.java:1)
	at io.appium.java_client.ios.IOSDriver.findElement(IOSDriver.java:1)
	at io.appium.java_client.FindsByAccessibilityId.findElementByAccessibilityId(FindsByAccessibilityId.java:37)
	at com.beacon.test.AppTestDeviceOne.add_Incident_Report(AppTestDeviceOne.java:187)
	at sun.reflect.GeneratedMethodAccessor2.invoke(Unknown Source)
	at sun.reflect.DelegatingMethodAccessorImpl.invoke(DelegatingMethodAccessorImpl.java:43)
	at java.lang.reflect.Method.invoke(Method.java:497)
	at org.testng.internal.MethodInvocationHelper.invokeMethod(MethodInvocationHelper.java:124)
	at org.testng.internal.Invoker.invokeMethod(Invoker.java:580)
	at org.testng.internal.Invoker.invokeTestMethod(Invoker.java:716)
	at org.testng.internal.Invoker.invokeTestMethods(Invoker.java:988)
	at org.testng.internal.TestMethodWorker.invokeTestMethods(TestMethodWorker.java:125)
	at org.testng.internal.TestMethodWorker.run(TestMethodWorker.java:109)
	at org.testng.TestRunner.privateRun(TestRunner.java:648)
	at org.testng.TestRunner.run(TestRunner.java:505)
	at org.testng.SuiteRunner.runTest(SuiteRunner.java:455)
	at org.testng.SuiteRunner.runSequentially(SuiteRunner.java:450)
	at org.testng.SuiteRunner.privateRun(SuiteRunner.java:415)
	at org.testng.SuiteRunner.run(SuiteRunner.java:364)
	at org.testng.SuiteRunnerWorker.runSuite(SuiteRunnerWorker.java:52)
	at org.testng.SuiteRunnerWorker.run(SuiteRunnerWorker.java:84)
	at org.testng.TestNG.runSuitesSequentially(TestNG.java:1208)
	at org.testng.TestNG.runSuitesLocally(TestNG.java:1137)
	at org.testng.TestNG.runSuites(TestNG.java:1049)
	at org.testng.TestNG.run(TestNG.java:1017)
	at org.apache.maven.surefire.testng.TestNGExecutor.run(TestNGExecutor.java:283)
	at org.apache.maven.surefire.testng.TestNGXmlTestSuite.execute(TestNGXmlTestSuite.java:75)
	at org.apache.maven.surefire.testng.TestNGProvider.invoke(TestNGProvider.java:120)
	at org.apache.maven.surefire.booter.ForkedBooter.invokeProviderInSameClassLoader(ForkedBooter.java:383)
	at org.apache.maven.surefire.booter.ForkedBooter.runSuitesInProcess(ForkedBooter.java:344)
	at org.apache.maven.surefire.booter.ForkedBooter.execute(ForkedBooter.java:125)
	at org.apache.maven.surefire.booter.ForkedBooter.main(ForkedBooter.java:417)
]]></system-err>
  </testcase>
  <testcase name="add_Incident_Report" classname="com.beacon.test.AppTestDeviceOne" time="64.381"/>
</testsuite>